<?xml version="1.0" encoding="UTF-8"?>
<testsuite xmlns:xsi="http://www.w3.org/2001/XMLSchema-instance" xsi:noNamespaceSchemaLocation="https://maven.apache.org/surefire/maven-failsafe-plugin/xsd/failsafe-test-report.xsd" name="org.tzi.use.main.shell.ShellIT" time="13.579" tests="129" errors="0" skipped="0" failures="0">
  <properties>
[...]
</properties>
  <testcase name="evaluateExpressionFiles[1]" classname="org.tzi.use.main.shell.ShellIT" time="0.371"/>
  <testcase name="evaluateExpressionFiles[2]" classname="org.tzi.use.main.shell.ShellIT" time="0.135"/>
  <testcase name="evaluateExpressionFiles[3]" classname="org.tzi.use.main.shell.ShellIT" time="0.049"/>
  <testcase name="evaluateExpressionFiles[4]" classname="org.tzi.use.main.shell.ShellIT" time="0.034"/>
  <testcase name="evaluateExpressionFiles[5]" classname="org.tzi.use.main.shell.ShellIT" time="0.024"/>
  <testcase name="evaluateExpressionFiles[6]" classname="org.tzi.use.main.shell.ShellIT" time="0.026"/>
  <testcase name="evaluateExpressionFiles[7]" classname="org.tzi.use.main.shell.ShellIT" time="0.038"/>
  <testcase name="evaluateExpressionFiles[8]" classname="org.tzi.use.main.shell.ShellIT" time="0.034"/>
  <testcase name="evaluateExpressionFiles[9]" classname="org.tzi.use.main.shell.ShellIT" time="0.022"/>
  <testcase name="evaluateExpressionFiles[10]" classname="org.tzi.use.main.shell.ShellIT" time="0.033"/>
  <testcase name="evaluateExpressionFiles[11]" classname="org.tzi.use.main.shell.ShellIT" time="0.031"/>
  <testcase name="evaluateExpressionFiles[12]" classname="org.tzi.use.main.shell.ShellIT" time="0.038"/>
  <testcase name="evaluateExpressionFiles[13]" classname="org.tzi.use.main.shell.ShellIT" time="0.028"/>
  <testcase name="evaluateExpressionFiles[14]" classname="org.tzi.use.main.shell.ShellIT" time="0.038"/>
  <testcase name="evaluateExpressionFiles[15]" classname="org.tzi.use.main.shell.ShellIT" time="0.114"/>
  <testcase name="evaluateExpressionFiles[16]" classname="org.tzi.use.main.shell.ShellIT" time="0.042"/>
  <testcase name="evaluateExpressionFiles[17]" classname="org.tzi.use.main.shell.ShellIT" time="0.048"/>
  <testcase name="evaluateExpressionFiles[18]" classname="org.tzi.use.main.shell.ShellIT" time="0.041"/>
  <testcase name="evaluateExpressionFiles[19]" classname="org.tzi.use.main.shell.ShellIT" time="0.025"/>
  <testcase name="evaluateExpressionFiles[20]" classname="org.tzi.use.main.shell.ShellIT" time="0.049"/>
  <testcase name="evaluateExpressionFiles[21]" classname="org.tzi.use.main.shell.ShellIT" time="0.038"/>
  <testcase name="evaluateExpressionFiles[22]" classname="org.tzi.use.main.shell.ShellIT" time="0.027"/>
  <testcase name="evaluateExpressionFiles[23]" classname="org.tzi.use.main.shell.ShellIT" time="0.038"/>
  <testcase name="evaluateExpressionFiles[24]" classname="org.tzi.use.main.shell.ShellIT" time="0.038"/>
  <testcase name="evaluateExpressionFiles[25]" classname="org.tzi.use.main.shell.ShellIT" time="0.016"/>
  <testcase name="evaluateExpressionFiles[26]" classname="org.tzi.use.main.shell.ShellIT" time="0.02"/>
  <testcase name="evaluateExpressionFiles[27]" classname="org.tzi.use.main.shell.ShellIT" time="0.028"/>
  <testcase name="evaluateExpressionFiles[28]" classname="org.tzi.use.main.shell.ShellIT" time="0.029"/>
  <testcase name="evaluateExpressionFiles[29]" classname="org.tzi.use.main.shell.ShellIT" time="0.011"/>
  <testcase name="evaluateExpressionFiles[30]" classname="org.tzi.use.main.shell.ShellIT" time="0.015"/>
  <testcase name="evaluateExpressionFiles[31]" classname="org.tzi.use.main.shell.ShellIT" time="0.029"/>
  <testcase name="evaluateExpressionFiles[32]" classname="org.tzi.use.main.shell.ShellIT" time="0.032"/>
  <testcase name="evaluateExpressionFiles[33]" classname="org.tzi.use.main.shell.ShellIT" time="0.014"/>
  <testcase name="evaluateExpressionFiles[34]" classname="org.tzi.use.main.shell.ShellIT" time="0.029"/>
  <testcase name="evaluateExpressionFiles[35]" classname="org.tzi.use.main.shell.ShellIT" time="0.028"/>
  <testcase name="evaluateExpressionFiles[36]" classname="org.tzi.use.main.shell.ShellIT" time="0.023"/>
  <testcase name="evaluateExpressionFiles[37]" classname="org.tzi.use.main.shell.ShellIT" time="0.025"/>
  <testcase name="evaluateExpressionFiles[38]" classname="org.tzi.use.main.shell.ShellIT" time="0.026"/>
  <testcase name="evaluateExpressionFiles[39]" classname="org.tzi.use.main.shell.ShellIT" time="0.025"/>
  <testcase name="evaluateExpressionFiles[40]" classname="org.tzi.use.main.shell.ShellIT" time="0.015"/>
  <testcase name="evaluateExpressionFiles[41]" classname="org.tzi.use.main.shell.ShellIT" time="0.034"/>
  <testcase name="evaluateExpressionFiles[42]" classname="org.tzi.use.main.shell.ShellIT" time="0.086"/>
  <testcase name="evaluateExpressionFiles[43]" classname="org.tzi.use.main.shell.ShellIT" time="0.03"/>
  <testcase name="evaluateExpressionFiles[44]" classname="org.tzi.use.main.shell.ShellIT" time="0.024"/>
  <testcase name="evaluateExpressionFiles[45]" classname="org.tzi.use.main.shell.ShellIT" time="0.021"/>
  <testcase name="evaluateExpressionFiles[46]" classname="org.tzi.use.main.shell.ShellIT" time="0.033"/>
  <testcase name="evaluateExpressionFiles[47]" classname="org.tzi.use.main.shell.ShellIT" time="0.038"/>
  <testcase name="evaluateExpressionFiles[48]" classname="org.tzi.use.main.shell.ShellIT" time="0.045"/>
  <testcase name="evaluateExpressionFiles[49]" classname="org.tzi.use.main.shell.ShellIT" time="0.031"/>
  <testcase name="evaluateExpressionFiles[50]" classname="org.tzi.use.main.shell.ShellIT" time="0.04"/>
  <testcase name="evaluateExpressionFiles[51]" classname="org.tzi.use.main.shell.ShellIT" time="0.04"/>
  <testcase name="evaluateExpressionFiles[52]" classname="org.tzi.use.main.shell.ShellIT" time="0.014"/>
  <testcase name="evaluateExpressionFiles[53]" classname="org.tzi.use.main.shell.ShellIT" time="3.689"/>
  <testcase name="evaluateExpressionFiles[54]" classname="org.tzi.use.main.shell.ShellIT" time="0.047"/>
  <testcase name="evaluateExpressionFiles[55]" classname="org.tzi.use.main.shell.ShellIT" time="0.032"/>
  <testcase name="evaluateExpressionFiles[56]" classname="org.tzi.use.main.shell.ShellIT" time="0.026"/>
  <testcase name="evaluateExpressionFiles[57]" classname="org.tzi.use.main.shell.ShellIT" time="0.025"/>
  <testcase name="evaluateExpressionFiles[58]" classname="org.tzi.use.main.shell.ShellIT" time="0.016"/>
  <testcase name="evaluateExpressionFiles[59]" classname="org.tzi.use.main.shell.ShellIT" time="0.022"/>
  <testcase name="evaluateExpressionFiles[60]" classname="org.tzi.use.main.shell.ShellIT" time="0.022"/>
  <testcase name="evaluateExpressionFiles[61]" classname="org.tzi.use.main.shell.ShellIT" time="0.018"/>
  <testcase name="evaluateExpressionFiles[62]" classname="org.tzi.use.main.shell.ShellIT" time="0.017"/>
  <testcase name="evaluateExpressionFiles[63]" classname="org.tzi.use.main.shell.ShellIT" time="0.031"/>
  <testcase name="evaluateExpressionFiles[64]" classname="org.tzi.use.main.shell.ShellIT" time="0.018"/>
  <testcase name="evaluateExpressionFiles[65]" classname="org.tzi.use.main.shell.ShellIT" time="0.022"/>
  <testcase name="evaluateExpressionFiles[66]" classname="org.tzi.use.main.shell.ShellIT" time="0.017"/>
  <testcase name="evaluateExpressionFiles[67]" classname="org.tzi.use.main.shell.ShellIT" time="0.05"/>
  <testcase name="evaluateExpressionFiles[68]" classname="org.tzi.use.main.shell.ShellIT" time="0.044"/>
  <testcase name="evaluateExpressionFiles[69]" classname="org.tzi.use.main.shell.ShellIT" time="0.04"/>
  <testcase name="evaluateExpressionFiles[70]" classname="org.tzi.use.main.shell.ShellIT" time="0.027"/>
  <testcase name="evaluateExpressionFiles[71]" classname="org.tzi.use.main.shell.ShellIT" time="0.021"/>
  <testcase name="evaluateExpressionFiles[72]" classname="org.tzi.use.main.shell.ShellIT" time="0.044"/>
  <testcase name="evaluateExpressionFiles[73]" classname="org.tzi.use.main.shell.ShellIT" time="0.02"/>
  <testcase name="evaluateExpressionFiles[74]" classname="org.tzi.use.main.shell.ShellIT" time="0.027"/>
  <testcase name="evaluateExpressionFiles[75]" classname="org.tzi.use.main.shell.ShellIT" time="0.051"/>
  <testcase name="evaluateExpressionFiles[76]" classname="org.tzi.use.main.shell.ShellIT" time="0.047"/>
  <testcase name="evaluateExpressionFiles[77]" classname="org.tzi.use.main.shell.ShellIT" time="0.071"/>
  <testcase name="evaluateExpressionFiles[78]" classname="org.tzi.use.main.shell.ShellIT" time="0.026"/>
  <testcase name="evaluateExpressionFiles[79]" classname="org.tzi.use.main.shell.ShellIT" time="0.151"/>
  <testcase name="evaluateExpressionFiles[80]" classname="org.tzi.use.main.shell.ShellIT" time="0.039"/>
  <testcase name="evaluateExpressionFiles[81]" classname="org.tzi.use.main.shell.ShellIT" time="0.015"/>
  <testcase name="evaluateExpressionFiles[82]" classname="org.tzi.use.main.shell.ShellIT" time="0.013"/>
  <testcase name="evaluateExpressionFiles[83]" classname="org.tzi.use.main.shell.ShellIT" time="0.037"/>
  <testcase name="evaluateExpressionFiles[84]" classname="org.tzi.use.main.shell.ShellIT" time="0.021"/>
  <testcase name="evaluateExpressionFiles[85]" classname="org.tzi.use.main.shell.ShellIT" time="0.062"/>
  <testcase name="evaluateExpressionFiles[86]" classname="org.tzi.use.main.shell.ShellIT" time="0.016"/>
  <testcase name="evaluateExpressionFiles[87]" classname="org.tzi.use.main.shell.ShellIT" time="0.017"/>
  <testcase name="evaluateExpressionFiles[88]" classname="org.tzi.use.main.shell.ShellIT" time="0.033"/>
  <testcase name="evaluateExpressionFiles[89]" classname="org.tzi.use.main.shell.ShellIT" time="0.042"/>
  <testcase name="evaluateExpressionFiles[90]" classname="org.tzi.use.main.shell.ShellIT" time="0.03"/>
  <testcase name="evaluateExpressionFiles[91]" classname="org.tzi.use.main.shell.ShellIT" time="0.033"/>
  <testcase name="evaluateExpressionFiles[92]" classname="org.tzi.use.main.shell.ShellIT" time="0.026"/>
  <testcase name="evaluateExpressionFiles[93]" classname="org.tzi.use.main.shell.ShellIT" time="0.025"/>
  <testcase name="evaluateExpressionFiles[94]" classname="org.tzi.use.main.shell.ShellIT" time="0.039"/>
  <testcase name="evaluateExpressionFiles[95]" classname="org.tzi.use.main.shell.ShellIT" time="0.067"/>
  <testcase name="evaluateExpressionFiles[96]" classname="org.tzi.use.main.shell.ShellIT" time="0.022"/>
  <testcase name="evaluateExpressionFiles[97]" classname="org.tzi.use.main.shell.ShellIT" time="0.017"/>
  <testcase name="evaluateExpressionFiles[98]" classname="org.tzi.use.main.shell.ShellIT" time="0.04"/>
  <testcase name="evaluateExpressionFiles[99]" classname="org.tzi.use.main.shell.ShellIT" time="3.358"/>
  <testcase name="evaluateExpressionFiles[100]" classname="org.tzi.use.main.shell.ShellIT" time="1.32"/>
  <testcase name="evaluateExpressionFiles[101]" classname="org.tzi.use.main.shell.ShellIT" time="0.046"/>
  <testcase name="evaluateExpressionFiles[102]" classname="org.tzi.use.main.shell.ShellIT" time="0.012"/>
  <testcase name="evaluateExpressionFiles[103]" classname="org.tzi.use.main.shell.ShellIT" time="0.053"/>
  <testcase name="evaluateExpressionFiles[104]" classname="org.tzi.use.main.shell.ShellIT" time="0.032"/>
  <testcase name="evaluateExpressionFiles[105]" classname="org.tzi.use.main.shell.ShellIT" time="0.023"/>
  <testcase name="evaluateExpressionFiles[106]" classname="org.tzi.use.main.shell.ShellIT" time="0.053"/>
  <testcase name="evaluateExpressionFiles[107]" classname="org.tzi.use.main.shell.ShellIT" time="0.032"/>
  <testcase name="evaluateExpressionFiles[108]" classname="org.tzi.use.main.shell.ShellIT" time="0.018"/>
  <testcase name="evaluateExpressionFiles[109]" classname="org.tzi.use.main.shell.ShellIT" time="0.291"/>
  <testcase name="evaluateExpressionFiles[110]" classname="org.tzi.use.main.shell.ShellIT" time="0.031"/>
  <testcase name="evaluateExpressionFiles[111]" classname="org.tzi.use.main.shell.ShellIT" time="0.035"/>
  <testcase name="evaluateExpressionFiles[112]" classname="org.tzi.use.main.shell.ShellIT" time="0.025"/>
  <testcase name="evaluateExpressionFiles[113]" classname="org.tzi.use.main.shell.ShellIT" time="0.023"/>
  <testcase name="evaluateExpressionFiles[114]" classname="org.tzi.use.main.shell.ShellIT" time="0.034"/>
  <testcase name="evaluateExpressionFiles[115]" classname="org.tzi.use.main.shell.ShellIT" time="0.064"/>
  <testcase name="evaluateExpressionFiles[116]" classname="org.tzi.use.main.shell.ShellIT" time="0.019"/>
  <testcase name="evaluateExpressionFiles[117]" classname="org.tzi.use.main.shell.ShellIT" time="0.024"/>
  <testcase name="evaluateExpressionFiles[118]" classname="org.tzi.use.main.shell.ShellIT" time="0.041"/>
  <testcase name="evaluateExpressionFiles[119]" classname="org.tzi.use.main.shell.ShellIT" time="0.043"/>
  <testcase name="evaluateExpressionFiles[120]" classname="org.tzi.use.main.shell.ShellIT" time="0.021"/>
  <testcase name="evaluateExpressionFiles[121]" classname="org.tzi.use.main.shell.ShellIT" time="0.034"/>
  <testcase name="evaluateExpressionFiles[122]" classname="org.tzi.use.main.shell.ShellIT" time="0.042"/>
  <testcase name="evaluateExpressionFiles[123]" classname="org.tzi.use.main.shell.ShellIT" time="0.029"/>
  <testcase name="evaluateExpressionFiles[124]" classname="org.tzi.use.main.shell.ShellIT" time="0.046"/>
  <testcase name="evaluateExpressionFiles[125]" classname="org.tzi.use.main.shell.ShellIT" time="0.032"/>
  <testcase name="evaluateExpressionFiles[126]" classname="org.tzi.use.main.shell.ShellIT" time="0.052"/>
  <testcase name="evaluateExpressionFiles[127]" classname="org.tzi.use.main.shell.ShellIT" time="0.02"/>
  <testcase name="evaluateExpressionFiles[128]" classname="org.tzi.use.main.shell.ShellIT" time="0.035"/>
  <testcase name="evaluateExpressionFiles[129]" classname="org.tzi.use.main.shell.ShellIT" time="0.073"/>
</testsuite>